0: log file opened: /var/log/turn_666_2020-10-07.log
0: Relay address to use: 192.168.43.238
0: Config file found: /etc/turnserver.conf
0: 
RFC 3489/5389/5766/5780/6062/6156 STUN/TURN Server
Version Coturn-4.5.1.1 'dan Eider'
0: 
Max number of open files/sockets allowed for this process: 3200
0: 
Due to the open files/sockets limitation,
max supported number of TURN Sessions possible is: 1000 (approximately)
0: 

==== Show him the instruments, Practical Frost: ====

0: TLS supported
0: DTLS supported
0: DTLS 1.2 supported
0: TURN/STUN ALPN supported
0: Third-party authorization (oAuth) supported
0: GCM (AEAD) supported
0: OpenSSL compile-time version: OpenSSL 1.1.1b  26 Feb 2019 (0x1010102f)
0: 
0: SQLite is not supported
0: Redis is not supported
0: PostgreSQL supported
0: MySQL supported
0: MongoDB is not supported
0: 
0: Default Net Engine version: 2 (UDP thread per network endpoint)

=====================================================

0: Domain name: 
0: Default realm: 192.168.43.238
0: 
CONFIG ERROR: Empty cli-password, and so telnet cli interface is disabled! Please set a non empty cli-password!
0: 
CONFIGURATION ALERT: you specified long-term user accounts, (-u option) 
	but you did not specify the long-term credentials option
	(-a or --lt-cred-mech option).
 	I am turning --lt-cred-mech ON for you, but double-check your configuration.
0: WARNING: cannot find certificate file: turn_server_cert.pem (1)
0: WARNING: cannot start TLS and DTLS listeners because certificate file is not set properly
0: WARNING: cannot find private key file: turn_server_pkey.pem (1)
0: WARNING: cannot start TLS and DTLS listeners because private key file is not set properly
0: NO EXPLICIT LISTENER ADDRESS(ES) ARE CONFIGURED
0: ===========Discovering listener addresses: =========
0: Listener address to use: 192.168.56.1
0: Listener address to use: 192.168.99.1
0: Listener address to use: 198.162.50.1
0: Listener address to use: 192.168.43.238
0: Listener address to use: ::1
0: Listener address to use: 127.0.0.1
0: =====================================================
0: Total: 4 'real' addresses discovered
0: =====================================================
0: pid file created: /var/run/turnserver.pid
0: IO method (main listener thread): poll
0: IPv4: On this platform, I am using alternative behavior of TTL according to RFC 5766.
0: IPv6: On this platform, I am using alternative behavior of TTL (HOPLIMIT) according to RFC 6156.
0: IPv4: On this platform, I am using alternative behavior of TOS according to RFC 5766.
0: WARNING: I cannot support STUN CHANGE_REQUEST functionality because only one IP address is provided
0: Wait for relay ports initialization...
0:   relay 192.168.43.238 initialization...
0:   relay 192.168.43.238 initialization done
0: Relay ports initialization done
0: IO method (general relay thread): poll
0: IO method (general relay thread): poll
0: turn server id=0 created
0: IO method (general relay thread): poll
0: turn server id=1 created
0: IO method (general relay thread): poll
0: turn server id=2 created
0: turn server id=3 created
0: IO method (general relay thread): poll
0: IO method (general relay thread): poll
0: turn server id=4 created
0: IO method (general relay thread): poll
0: turn server id=5 created
0: turn server id=6 created
0: IO method (udp listener/relay thread): poll
0: IO method (general relay thread): poll
0: turn server id=7 created
0: turn server id=128 created
0: IO method (udp listener/relay thread): poll
0: turn server id=129 created
0: IO method (udp listener/relay thread): poll
0: turn server id=130 created
0: IO method (udp listener/relay thread): poll
0: turn server id=131 created
0: IO method (udp listener/relay thread): poll
0: turn server id=132 created
0: IO method (udp listener/relay thread): poll
0: turn server id=133 created
0: IPv4. UDP listener opened on: 192.168.56.1:3478
0: IPv4. UDP listener opened on: 192.168.99.1:3478
0: IPv4. UDP listener opened on: 198.162.50.1:3478
0: IPv4. UDP listener opened on: 192.168.43.238:3478
0: IPv6. UDP listener opened on: ::1:3478
0: IPv4. UDP listener opened on: 127.0.0.1:3478
0: IPv4. TCP listener opened on : 192.168.56.1:3478
0: IPv4. TCP listener opened on : 192.168.99.1:3478
0: IPv4. TCP listener opened on : 198.162.50.1:3478
0: IPv4. TCP listener opened on : 192.168.43.238:3478
0: IPv6. TCP listener opened on : ::1:3478
0: IPv4. TCP listener opened on : 127.0.0.1:3478
0: Total UDP servers: 6
0: Total General servers: 8
0: IO method (auth thread): poll
0: IO method (auth thread): poll
0: IO method (auth thread): poll
0: IO method (auth thread): poll
0: IO method (admin thread): poll
